<?xml version="1.0" encoding="UTF-8"?>
<!-- Generated by org.testng.reporters.JUnitReportReporter -->
<testsuite skipped="0" hostname="PRFT-16009" name="com.techbeamers.LoadTest01" tests="2" failures="0" timestamp="2021-06-30T16:16:34 CDT" time="4.579" errors="0">
  <testcase name="numberOne" time="0.367" classname="com.techbeamers.LoadTest01"/>
  <system-out/>
  <testcase name="validateGames" time="4.212" classname="com.techbeamers.LoadTest01"/>
  <system-out/>
</testsuite> <!-- com.techbeamers.LoadTest01 -->
