<?xml version="1.0" encoding="UTF-8"?>
<!-- Generated by org.testng.reporters.JUnitReportReporter -->
<testsuite skipped="0" hostname="PRFT-16009" name="com.techbeamers.LoadTest01" tests="2" failures="0" timestamp="2021-06-30T15:26:53 CDT" time="2.898" errors="0">
  <testcase name="numberOne" time="0.424" classname="com.techbeamers.LoadTest01"/>
  <system-out/>
  <testcase name="validateGames" time="2.474" classname="com.techbeamers.LoadTest01"/>
  <system-out/>
</testsuite> <!-- com.techbeamers.LoadTest01 -->
